

CmdLine:	C:\Users\joao.schmitt\Desktop\WATCHFUL\Watchful.exe --l4j-debug
WOW64:		yes
Bundled JRE:	C:\Program Files (x86)\Java\jdk1.7.0_45
Check launcher:	C:\Program Files (x86)\Java\jdk1.7.0_45\bin\javaw.exe (OK)
Launcher:	C:\Program Files (x86)\Java\jdk1.7.0_45\bin\javaw.exe
Launcher args:	-jar "C:\Users\joao.schmitt\Desktop\WATCHFUL\Watchful.exe"
Args length:	58/32768 chars
Exit code:	0


CmdLine:	C:\Users\joao.schmitt\Desktop\WATCHFUL\Watchful.exe --l4j-debug
WOW64:		yes
Check launcher:	 (n/a)
64-bit search:	SOFTWARE\JavaSoft\Java Runtime Environment...
Ignore:		SOFTWARE\JavaSoft\Java Runtime Environment\1.7
Match:		SOFTWARE\JavaSoft\Java Runtime Environment\1.7.0_51
Match:		SOFTWARE\JavaSoft\Java Runtime Environment\1.8
Match:		SOFTWARE\JavaSoft\Java Runtime Environment\1.8.0
Using 64-bit runtime.
64-bit search:	SOFTWARE\JavaSoft\Java Development Kit...
Ignore:		SOFTWARE\JavaSoft\Java Development Kit\1.7
Ignore:		SOFTWARE\JavaSoft\Java Development Kit\1.7.0_51
Ignore:		SOFTWARE\JavaSoft\Java Development Kit\1.8
Ignore:		SOFTWARE\JavaSoft\Java Development Kit\1.8.0
Using 64-bit runtime.
Check launcher:	C:\Program Files\Java\jre8\bin\javaw.exe (OK)
Launcher:	C:\Program Files\Java\jre8\bin\javaw.exe
Launcher args:	-jar "C:\Users\joao.schmitt\Desktop\WATCHFUL\Watchful.exe"
Args length:	58/32768 chars
Exit code:	0


CmdLine:	C:\Users\joao.schmitt\Desktop\WATCHFUL\Watchful.exe --l4j-debug
WOW64:		yes
Check launcher:	 (n/a)
64-bit search:	SOFTWARE\JavaSoft\Java Runtime Environment...
Match:		SOFTWARE\JavaSoft\Java Runtime Environment\1.7
Match:		SOFTWARE\JavaSoft\Java Runtime Environment\1.7.0_51
Match:		SOFTWARE\JavaSoft\Java Runtime Environment\1.8
Match:		SOFTWARE\JavaSoft\Java Runtime Environment\1.8.0
Using 64-bit runtime.
64-bit search:	SOFTWARE\JavaSoft\Java Development Kit...
Ignore:		SOFTWARE\JavaSoft\Java Development Kit\1.7
Ignore:		SOFTWARE\JavaSoft\Java Development Kit\1.7.0_51
Ignore:		SOFTWARE\JavaSoft\Java Development Kit\1.8
Ignore:		SOFTWARE\JavaSoft\Java Development Kit\1.8.0
Using 64-bit runtime.
Check launcher:	C:\Program Files\Java\jre8\bin\javaw.exe (OK)
Launcher:	C:\Program Files\Java\jre8\bin\javaw.exe
Launcher args:	-jar "C:\Users\joao.schmitt\Desktop\WATCHFUL\Watchful.exe"
Args length:	58/32768 chars
Exit code:	0


CmdLine:	C:\Users\joao.schmitt\Desktop\WATCHFUL\Watchful.exe --l4j-debug
WOW64:		yes
Check launcher:	 (n/a)
64-bit search:	SOFTWARE\JavaSoft\Java Runtime Environment...
Match:		SOFTWARE\JavaSoft\Java Runtime Environment\1.7
Match:		SOFTWARE\JavaSoft\Java Runtime Environment\1.7.0_51
Match:		SOFTWARE\JavaSoft\Java Runtime Environment\1.8
Match:		SOFTWARE\JavaSoft\Java Runtime Environment\1.8.0
Using 64-bit runtime.
64-bit search:	SOFTWARE\JavaSoft\Java Development Kit...
Ignore:		SOFTWARE\JavaSoft\Java Development Kit\1.7
Ignore:		SOFTWARE\JavaSoft\Java Development Kit\1.7.0_51
Ignore:		SOFTWARE\JavaSoft\Java Development Kit\1.8
Ignore:		SOFTWARE\JavaSoft\Java Development Kit\1.8.0
Using 64-bit runtime.
Check launcher:	C:\Program Files\Java\jre8\bin\javaw.exe (OK)
Launcher:	C:\Program Files\Java\jre8\bin\javaw.exe
Launcher args:	-jar "C:\Users\joao.schmitt\Desktop\WATCHFUL\Watchful.exe"
Args length:	58/32768 chars
Exit code:	0


CmdLine:	C:\Users\joao.schmitt\Desktop\WATCHFUL\Watchful.exe --l4j-debug
WOW64:		yes
Check launcher:	 (n/a)
64-bit search:	SOFTWARE\JavaSoft\Java Runtime Environment...
Match:		SOFTWARE\JavaSoft\Java Runtime Environment\1.7
Match:		SOFTWARE\JavaSoft\Java Runtime Environment\1.7.0_51
Match:		SOFTWARE\JavaSoft\Java Runtime Environment\1.8
Match:		SOFTWARE\JavaSoft\Java Runtime Environment\1.8.0
Using 64-bit runtime.
64-bit search:	SOFTWARE\JavaSoft\Java Development Kit...
Ignore:		SOFTWARE\JavaSoft\Java Development Kit\1.7
Ignore:		SOFTWARE\JavaSoft\Java Development Kit\1.7.0_51
Ignore:		SOFTWARE\JavaSoft\Java Development Kit\1.8
Ignore:		SOFTWARE\JavaSoft\Java Development Kit\1.8.0
Using 64-bit runtime.
Check launcher:	C:\Program Files\Java\jre8\bin\javaw.exe (OK)
Launcher:	C:\Program Files\Java\jre8\bin\javaw.exe
Launcher args:	-jar "C:\Users\joao.schmitt\Desktop\WATCHFUL\Watchful.exe"
Args length:	58/32768 chars
Exit code:	0


CmdLine:	C:\Users\joao.schmitt\Desktop\WATCHFUL\Watchful.exe --l4j-debug
WOW64:		yes
Check launcher:	 (n/a)
64-bit search:	SOFTWARE\JavaSoft\Java Runtime Environment...
Match:		SOFTWARE\JavaSoft\Java Runtime Environment\1.7
Match:		SOFTWARE\JavaSoft\Java Runtime Environment\1.7.0_51
Match:		SOFTWARE\JavaSoft\Java Runtime Environment\1.8
Match:		SOFTWARE\JavaSoft\Java Runtime Environment\1.8.0
Using 64-bit runtime.
64-bit search:	SOFTWARE\JavaSoft\Java Development Kit...
Ignore:		SOFTWARE\JavaSoft\Java Development Kit\1.7
Ignore:		SOFTWARE\JavaSoft\Java Development Kit\1.7.0_51
Ignore:		SOFTWARE\JavaSoft\Java Development Kit\1.8
Ignore:		SOFTWARE\JavaSoft\Java Development Kit\1.8.0
Using 64-bit runtime.
Check launcher:	C:\Program Files\Java\jre8\bin\javaw.exe (OK)
Launcher:	C:\Program Files\Java\jre8\bin\javaw.exe
Launcher args:	-jar "C:\Users\joao.schmitt\Desktop\WATCHFUL\Watchful.exe"
Args length:	58/32768 chars
Exit code:	0


CmdLine:	C:\Users\joao.schmitt\Desktop\WATCHFUL\Watchful.exe --l4j-debug
WOW64:		yes
Bundled JRE:	C:\Program Files (x86)\Java\jdk1.7.0_45\bin
Check launcher:	C:\Program Files (x86)\Java\jdk1.7.0_45\bin\bin\javaw.exe (n/a)
64-bit search:	SOFTWARE\JavaSoft\Java Development Kit...
Ignore:		SOFTWARE\JavaSoft\Java Development Kit\1.7
Match:		SOFTWARE\JavaSoft\Java Development Kit\1.7.0_51
Match:		SOFTWARE\JavaSoft\Java Development Kit\1.8
Match:		SOFTWARE\JavaSoft\Java Development Kit\1.8.0
Using 64-bit runtime.
64-bit search:	SOFTWARE\JavaSoft\Java Runtime Environment...
Ignore:		SOFTWARE\JavaSoft\Java Runtime Environment\1.7
Ignore:		SOFTWARE\JavaSoft\Java Runtime Environment\1.7.0_51
Ignore:		SOFTWARE\JavaSoft\Java Runtime Environment\1.8
Ignore:		SOFTWARE\JavaSoft\Java Runtime Environment\1.8.0
Using 64-bit runtime.
Check launcher:	C:\Program Files\Java\jdk1.8.0\jre\bin\javaw.exe (OK)
Launcher:	C:\Program Files\Java\jdk1.8.0\jre\bin\javaw.exe
Launcher args:	-jar "C:\Users\joao.schmitt\Desktop\WATCHFUL\Watchful.exe"
Args length:	58/32768 chars
Exit code:	0


CmdLine:	C:\Users\joao.schmitt\Desktop\WATCHFUL\Watchful.exe --l4j-debug
WOW64:		yes
Bundled JRE:	C:\Program Files (x86)\Java\jdk1.7.0_45\bin
Check launcher:	C:\Program Files (x86)\Java\jdk1.7.0_45\bin\bin\javaw.exe (n/a)
64-bit search:	SOFTWARE\JavaSoft\Java Development Kit...
Ignore:		SOFTWARE\JavaSoft\Java Development Kit\1.7
Match:		SOFTWARE\JavaSoft\Java Development Kit\1.7.0_51
Match:		SOFTWARE\JavaSoft\Java Development Kit\1.8
Match:		SOFTWARE\JavaSoft\Java Development Kit\1.8.0
Using 64-bit runtime.
64-bit search:	SOFTWARE\JavaSoft\Java Runtime Environment...
Ignore:		SOFTWARE\JavaSoft\Java Runtime Environment\1.7
Ignore:		SOFTWARE\JavaSoft\Java Runtime Environment\1.7.0_51
Ignore:		SOFTWARE\JavaSoft\Java Runtime Environment\1.8
Ignore:		SOFTWARE\JavaSoft\Java Runtime Environment\1.8.0
Using 64-bit runtime.
Check launcher:	C:\Program Files\Java\jdk1.8.0\jre\bin\javaw.exe (OK)
Launcher:	C:\Program Files\Java\jdk1.8.0\jre\bin\javaw.exe
Launcher args:	-jar "C:\Users\joao.schmitt\Desktop\WATCHFUL\Watchful.exe"
Args length:	58/32768 chars
Exit code:	0


CmdLine:	C:\Users\joao.schmitt\Desktop\WATCHFUL\Watchful.exe --l4j-debug
WOW64:		yes
Bundled JRE:	C:\Program Files (x86)\Java\jdk1.7.0_45\bin
Check launcher:	C:\Program Files (x86)\Java\jdk1.7.0_45\bin\bin\javaw.exe (n/a)
64-bit search:	SOFTWARE\JavaSoft\Java Development Kit...
Ignore:		SOFTWARE\JavaSoft\Java Development Kit\1.7
Match:		SOFTWARE\JavaSoft\Java Development Kit\1.7.0_51
Match:		SOFTWARE\JavaSoft\Java Development Kit\1.8
Match:		SOFTWARE\JavaSoft\Java Development Kit\1.8.0
Using 64-bit runtime.
Check launcher:	C:\Program Files\Java\jdk1.8.0\jre\bin\javaw.exe (OK)
Launcher:	C:\Program Files\Java\jdk1.8.0\jre\bin\javaw.exe
Launcher args:	-jar "C:\Users\joao.schmitt\Desktop\WATCHFUL\Watchful.exe"
Args length:	58/32768 chars
Exit code:	0


CmdLine:	C:\Users\joao.schmitt\Desktop\WATCHFUL\Watchful.exe --l4j-debug
WOW64:		yes
Bundled JRE:	C:\Program Files (x86)\Java\jdk1.7.0_45\bin
Check launcher:	C:\Program Files (x86)\Java\jdk1.7.0_45\bin\bin\javaw.exe (n/a)
64-bit search:	SOFTWARE\JavaSoft\Java Development Kit...
Ignore:		SOFTWARE\JavaSoft\Java Development Kit\1.7
Match:		SOFTWARE\JavaSoft\Java Development Kit\1.7.0_51
Match:		SOFTWARE\JavaSoft\Java Development Kit\1.8
Match:		SOFTWARE\JavaSoft\Java Development Kit\1.8.0
Using 64-bit runtime.
Check launcher:	C:\Program Files\Java\jdk1.8.0\jre\bin\javaw.exe (OK)
Launcher:	C:\Program Files\Java\jdk1.8.0\jre\bin\javaw.exe
Launcher args:	-cp lib -jar "C:\Users\joao.schmitt\Desktop\WATCHFUL\Watchful.exe"
Args length:	66/32768 chars
Exit code:	0


CmdLine:	C:\Users\joao.schmitt\Desktop\WATCHFUL\Watchful.exe --l4j-debug
WOW64:		yes
Bundled JRE:	C:\Program Files (x86)\Java\jdk1.7.0_45\bin
Check launcher:	C:\Program Files (x86)\Java\jdk1.7.0_45\bin\bin\javaw.exe (n/a)
64-bit search:	SOFTWARE\JavaSoft\Java Development Kit...
Ignore:		SOFTWARE\JavaSoft\Java Development Kit\1.7
Match:		SOFTWARE\JavaSoft\Java Development Kit\1.7.0_51
Match:		SOFTWARE\JavaSoft\Java Development Kit\1.8
Match:		SOFTWARE\JavaSoft\Java Development Kit\1.8.0
Using 64-bit runtime.
Check launcher:	C:\Program Files\Java\jdk1.8.0\jre\bin\javaw.exe (OK)
Launcher:	C:\Program Files\Java\jdk1.8.0\jre\bin\javaw.exe
Launcher args:	-cp lib/AbsoluteLayout.jar -jar "C:\Users\joao.schmitt\Desktop\WATCHFUL\Watchful.exe"
Args length:	85/32768 chars
Exit code:	0


CmdLine:	C:\Users\joao.schmitt\Desktop\WATCHFUL\Watchful.exe --l4j-debug
WOW64:		yes
Check launcher:	 (n/a)
64-bit search:	SOFTWARE\JavaSoft\Java Development Kit...
Ignore:		SOFTWARE\JavaSoft\Java Development Kit\1.7
Match:		SOFTWARE\JavaSoft\Java Development Kit\1.7.0_51
Match:		SOFTWARE\JavaSoft\Java Development Kit\1.8
Match:		SOFTWARE\JavaSoft\Java Development Kit\1.8.0
Using 64-bit runtime.
Check launcher:	C:\Program Files\Java\jdk1.8.0\jre\bin\javaw.exe (OK)
Launcher:	C:\Program Files\Java\jdk1.8.0\jre\bin\javaw.exe
Launcher args:	-jar "C:\Users\joao.schmitt\Desktop\WATCHFUL\Watchful.exe"
Args length:	58/32768 chars
Exit code:	0


CmdLine:	C:\Users\joao.schmitt\Desktop\WATCHFUL\Watchful.exe --l4j-debug
WOW64:		yes
Check launcher:	 (n/a)
64-bit search - Force 32 bits detections:	SOFTWARE\JavaSoft\Java Runtime Environment...
Ignore:		SOFTWARE\JavaSoft\Java Runtime Environment\1.7
Match:		SOFTWARE\JavaSoft\Java Runtime Environment\1.7.0_45
Using 32-bit runtime into 64 bits environment.
64-bit search - Force 32 bits detections:	SOFTWARE\JavaSoft\Java Development Kit...
Ignore:		SOFTWARE\JavaSoft\Java Development Kit\1.7
Ignore:		SOFTWARE\JavaSoft\Java Development Kit\1.7.0_25
Ignore:		SOFTWARE\JavaSoft\Java Development Kit\1.7.0_45
Using 32-bit runtime into 64 bits environment.
Found JAVA KEY = SOFTWARE\JavaSoft\Java Runtime Environment\1.7.0_45.
Find Java path = C:\Program Files (x86)\Java\jre7.
Check launcher:	C:\Program Files (x86)\Java\jre7\bin\javaw.exe (OK)
Launcher:	C:\Program Files (x86)\Java\jre7\bin\javaw.exe
Launcher args:	-jar "C:\Users\joao.schmitt\Desktop\WATCHFUL\Watchful.exe"
Args length:	58/32768 chars
Exit code:	0
